make.exe all --print-data-base --no-builtin-variables --no-builtin-rules --question
# GNU Make 3.81
# Copyright (C) 2006  Free Software Foundation, Inc.
# This is free software; see the source for copying conditions.
# There is NO warranty; not even for MERCHANTABILITY or FITNESS FOR A
# PARTICULAR PURPOSE.

# This program built for i386-pc-mingw32

# Make data base, printed on Fri May 20 12:41:39 2022

# Variables

# environment
POWERSHELL_DISTRIBUTION_CHANNEL = MSI:Windows 10 Home
# automatic
?F = $(notdir $?)
# automatic
<D = $(patsubst %/,%,$(dir $<))
# makefile
MAKEFLAGS = Rrqp
# environment
VSCODE_LOG_NATIVE = false
# automatic
?D = $(patsubst %/,%,$(dir $?))
# automatic
@D = $(patsubst %/,%,$(dir $@))
# environment
HOMEDRIVE = C:
# automatic
@F = $(notdir $@)
# automatic
^D = $(patsubst %/,%,$(dir $^))
# makefile
CURDIR := c:/Users/Firizky Ardiansyah/Documents/GitHub/image-segmentation-dnc-python
# default
SHELL := sh.exe
# environment
WINDIR = C:\WINDOWS
# environment
VSCODE_NLS_CONFIG = {"locale":"en-us","availableLanguages":{},"_languagePackSupport":true}
# environment
VBOX_MSI_INSTALL_PATH = C:\Program Files\Oracle\VirtualBox\
# environment
ONEDRIVE = C:\Users\Firizky Ardiansyah\OneDrive - Institut Teknologi Bandung
# environment
PATHEXT = .COM;.EXE;.BAT;.CMD;.VBS;.VBE;.JS;.JSE;.WSF;.WSH;.MSC;.PY;.PYW
# makefile (from `makefile', line 1)
MAKEFILE_LIST :=  makefile
# environment
FPS_BROWSER_USER_PROFILE_STRING = Default
# environment
TMP = C:\Users\FIRIZK~1\AppData\Local\Temp
# environment
VSCODE_VERBOSE_LOGGING = true
# environment
PROGRAMW6432 = C:\Program Files
# environment
PROGRAMDATA = C:\ProgramData
# environment
VSCODE_IPC_HOOK_EXTHOST = \\.\pipe\vscode-ipc-fc7268b1-f721-4c90-a405-f1fbdd9a7440-sock
# environment
VSCODE_CWD = C:\Users\Firizky Ardiansyah\AppData\Local\Programs\Microsoft VS Code
# environment
PATH = C:\Python310\Scripts\;C:\Python310\;C:\Program Files\Common Files\Oracle\Java\javapath;C:\Program Files (x86)\Common Files\Oracle\Java\javapath;C:\Users\Firizky Ardiansyah\AppData\Local\Programs\Python\Python38\Scripts\;C:\Users\Firizky Ardiansyah\AppData\Local\Programs\Python\Python38\;C:\Users\Firizky Ardiansyah\AppData\Local\Microsoft\WindowsApps;C:\Users\Firizky Ardiansyah\AppData\Local\Programs\Microsoft VS Code\bin;C:\Program Files\Git\cmd;C:\Program Files\Java\jdk-17\bin;C:\Program Files (x86)\GnuWin32\bin;C:\Program Files\swipl\bin;C:\Program Files\OpenVPN\bin;C:\msys64\mingw64\bin;C:\xampp\mysql\bin;C:\apache-maven-3.8.4\bin;C:\Program Files\dotnet\;C:\ProgramData\Microsoft\Windows\Start Menu\Programs\PowerShell;C:\Program Files (x86)\dotnet\;C:\Program Files\Go\bin;C:\Program Files\nodejs\;C:\ProgramData\chocolatey\bin;C:\Program Files\PowerShell\7\;C:\Users\Firizky Ardiansyah\AppData\Local\Programs\Python\Python38\Scripts\;C:\Users\Firizky Ardiansyah\AppData\Local\Programs\Python\Python38\;C:\Users\Firizky Ardiansyah\AppData\Local\Microsoft\WindowsApps;C:\Users\Firizky Ardiansyah\AppData\Local\Programs\Microsoft VS Code\bin;C:\Program Files (x86)\mingw-w64\i686-8.1.0-posix-dwarf-rt_v6-rev0\mingw32\bin;C:\Program Files\JetBrains\IntelliJ IDEA Community Edition 2021.2.2\bin;;C:\ProgramData\Firizky's\GitHubDesktop\bin;C:\Users\Firizky Ardiansyah\.dotnet\tools;C:\Program Files\JetBrains\IntelliJ IDEA 2021.3.3\bin;;C:\Users\Firizky Ardiansyah\AppData\Local\Programs\MiKTeX\miktex\bin\x64\;C:\Users\Firizky Ardiansyah\go\bin;C:\Program Files\JetBrains\GoLand 2022.1\bin;;C:\Program Files\JetBrains\DataGrip 2022.1.1\bin;;C:\Users\Firizky Ardiansyah\AppData\Roaming\npm
# environment
ONLINESERVICES = Online Services
# environment
COMMONPROGRAMW6432 = C:\Program Files\Common Files
# environment
CHOCOLATEYLASTPATHUPDATE = 132955125686382570
# environment
PROCESSOR_ARCHITECTURE = x86
# environment
USERPROFILE = C:\Users\Firizky Ardiansyah
# environment
CHOCOLATEYINSTALL = C:\ProgramData\chocolatey
# environment
ALLUSERSPROFILE = C:\ProgramData
# environment
GOPATH = C:\Users\Firizky Ardiansyah\go
# environment
VSCODE_LOG_STACK = false
# environment
NUMBER_OF_PROCESSORS = 8
# environment
ELECTRON_RUN_AS_NODE = 1
# default
.FEATURES := target-specific order-only second-expansion else-if archives
# environment
INTELLIJ IDEA = C:\Program Files\JetBrains\IntelliJ IDEA 2021.3.3\bin;
# automatic
%F = $(notdir $%)
# environment
CHROME_CRASHPAD_PIPE_NAME = \\.\pipe\crashpad_22416_FTHZFLTYYNQVDVDQ
# environment
VSCODE_PIPE_LOGGING = true
# environment
COMPUTERNAME = FIRIZKY
# environment
PROGRAMFILES = C:\Program Files (x86)
# environment
GOLAND = C:\Program Files\JetBrains\GoLand 2022.1\bin;
# environment
DRIVERDATA = C:\Windows\System32\Drivers\DriverData
# environment
ORIGINAL_XDG_CURRENT_DESKTOP = undefined
# environment
USERNAME = Firizky's
# environment
PUBLIC = C:\Users\Public
# environment
VSCODE_AMD_ENTRYPOINT = vs/workbench/api/node/extensionHostProcess
# environment
VSCODE_CODE_CACHE_PATH = C:\Users\Firizky Ardiansyah\AppData\Roaming\Code\CachedData\da15b6fd3ef856477bf6f4fb29ba1b7af717770d
# environment
APPLICATION_INSIGHTS_NO_DIAGNOSTIC_CHANNEL = 1
# environment
COMMONPROGRAMFILES = C:\Program Files (x86)\Common Files
# environment
LOGONSERVER = \\FIRIZKY
# environment
ONEDRIVECONSUMER = C:\Users\Firizky Ardiansyah\OneDrive
# environment
VSCODE_HANDLES_UNCAUGHT_ERRORS = true
# environment
USERDOMAIN = FIRIZKY
# environment
INTELLIJ IDEA COMMUNITY EDITION = C:\Program Files\JetBrains\IntelliJ IDEA Community Edition 2021.2.2\bin;
# default
MAKE = $(MAKE_COMMAND)
# default
MAKECMDGOALS := all
# environment
ONEDRIVECOMMERCIAL = C:\Users\Firizky Ardiansyah\OneDrive - Institut Teknologi Bandung
# default
MAKE_VERSION := 3.81
# makefile
.DEFAULT_GOAL := all
# environment
PROGRAMFILES(X86) = C:\Program Files (x86)
# automatic
%D = $(patsubst %/,%,$(dir $%))
# environment
LOCALAPPDATA = C:\Users\Firizky Ardiansyah\AppData\Local
# environment
PSMODULEPATH = C:\Program Files\WindowsPowerShell\Modules;C:\WINDOWS\system32\WindowsPowerShell\v1.0\Modules
# default
MAKE_COMMAND := make.exe
# environment
PROCESSOR_ARCHITEW6432 = AMD64
# environment
AMDRMSDKPATH = C:\Program Files\AMD\RyzenMasterSDK\
# default
.VARIABLES := 
# automatic
*F = $(notdir $*)
# environment
PROCESSOR_IDENTIFIER = AMD64 Family 23 Model 24 Stepping 1, AuthenticAMD
# environment
OS = Windows_NT
# environment
VSCODE_IPC_HOOK = \\.\pipe\398375b0c80e45fed15cf5f1dad61ab7-1.67.1-main-sock
# environment
HOMEPATH = \Users\Firizky Ardiansyah
# environment
COMMONPROGRAMFILES(X86) = C:\Program Files (x86)\Common Files
# environment
PROMPT = $P$G
# environment
MFLAGS = -Rrqp
# automatic
*D = $(patsubst %/,%,$(dir $*))
# environment
REGIONCODE = NA
# environment
SYSTEMROOT = C:\WINDOWS
# automatic
+D = $(patsubst %/,%,$(dir $+))
# environment
PLATFORMCODE = KV
# automatic
+F = $(notdir $+)
# environment
APPDATA = C:\Users\Firizky Ardiansyah\AppData\Roaming
# environment
TEMP = C:\Users\FIRIZK~1\AppData\Local\Temp
# environment
COMSPEC = C:\WINDOWS\system32\cmd.exe
# default
MAKEFILES := 
# automatic
<F = $(notdir $<)
# environment
LC_ALL = C
# environment
DATAGRIP = C:\Program Files\JetBrains\DataGrip 2022.1.1\bin;
# automatic
^F = $(notdir $^)
# default
SUFFIXES := 
# environment
SYSTEMDRIVE = C:
# environment
SESSIONNAME = Console
# environment
PROCESSOR_REVISION = 1801
# environment
VS140COMNTOOLS = C:\Program Files (x86)\Microsoft Visual Studio 14.0\Common7\Tools\
# environment
MAKELEVEL := 0
# environment
LANG = C
# environment
PROCESSOR_LEVEL = 23
# environment
FPS_BROWSER_APP_PROFILE_STRING = Internet Explorer
# environment
VSCODE_PID = 22416
# environment
USERDOMAIN_ROAMINGPROFILE = FIRIZKY
# variable set hash-table stats:
# Load=104/1024=10%, Rehash=0, Collisions=10/126=8%

# Pattern-specific Variable Values

# No pattern-specific variable values.

# Directories

# : could not be stat'd.
# C:\apache-maven-3.8.4\bin (key C:/apache-maven-3.8.4/bin, mtime 1636855968): 8 files, no impossibilities.
# C:\Program Files\JetBrains\IntelliJ IDEA 2021.3.3\bin (key C:/Program Files/JetBrains/IntelliJ IDEA 2021.3.3/bin, mtime 1649479832): 32 files, no impossibilities.
# C:\Program Files\Common Files\Oracle\Java\javapath (key C:/Program Files/Common Files/Oracle/Java/javapath, mtime 1649480493): 6 files, no impossibilities.
# C:\Program Files\Go\bin (key C:/Program Files/Go/bin, mtime 1650692198): 4 files, no impossibilities.
# . (key c:/Users/Firizky Ardiansyah/Documents/GitHub/image-segmentation-dnc-python, mtime 1652119254): 9 files, no impossibilities.
# C:\ProgramData\Firizky's\GitHubDesktop\bin (key C:/ProgramData/Firizky's/GitHubDesktop/bin, mtime 1632228831): 4 files, no impossibilities.
# C:\Program Files\nodejs\ (key C:/Program Files/nodejs/, mtime 1651038926): 13 files, no impossibilities.
# C:\Users\Firizky Ardiansyah\AppData\Local\Programs\Microsoft VS Code\bin (key C:/Users/Firizky Ardiansyah/AppData/Local/Programs/Microsoft VS Code/bin, mtime 1652203082): 4 files, no impossibilities.
# C:\ProgramData\chocolatey\bin (key C:/ProgramData/chocolatey/bin, mtime 1651038969): 11 files, no impossibilities.
# C:\Program Files\dotnet\ (key C:/Program Files/dotnet/, mtime 1652335361): 13 files, no impossibilities.
# C:\Python310\ (key C:/Python310/, mtime 1651039154): 18 files, no impossibilities.
# C:\Users\Firizky Ardiansyah\AppData\Roaming\npm (key C:/Users/Firizky Ardiansyah/AppData/Roaming/npm, mtime 1651040116): 12 files, no impossibilities.
# C:\Users\Firizky Ardiansyah\.dotnet\tools: could not be stat'd.
# C:\xampp\mysql\bin (key C:/xampp/mysql/bin, mtime 1643699064): 90 files, no impossibilities.
# C:\Python310\Scripts\ (key C:/Python310/Scripts/, mtime 1651039154): 5 files, no impossibilities.
# C:\Program Files\PowerShell\7\ (key C:/Program Files/PowerShell/7/, mtime 1652614456): 478 files, no impossibilities.
# C:\ProgramData\Microsoft\Windows\Start Menu\Programs\PowerShell (key C:/ProgramData/Microsoft/Windows/Start Menu/Programs/PowerShell, mtime 1652614464): 3 files, no impossibilities.
# C:\Program Files\OpenVPN\bin (key C:/Program Files/OpenVPN/bin, mtime 1636439596): 13 files, no impossibilities.
# C:\Users\Firizky Ardiansyah\AppData\Local\Programs\MiKTeX\miktex\bin\x64\ (key C:/Users/Firizky Ardiansyah/AppData/Local/Programs/MiKTeX/miktex/bin/x64/, mtime 1650095405): 732 files, no impossibilities.
# C:\Program Files (x86)\Common Files\Oracle\Java\javapath (key C:/Program Files (x86)/Common Files/Oracle/Java/javapath, mtime 1651343391): 5 files, no impossibilities.
# C:\Program Files\Java\jdk-17\bin (key C:/Program Files/Java/jdk-17/bin, mtime 1631868606): 123 files, no impossibilities.
# C:\Program Files\JetBrains\IntelliJ IDEA Community Edition 2021.2.2\bin: could not be stat'd.
# C:\Users\Firizky Ardiansyah\AppData\Local\Programs\Python\Python38\ (key C:/Users/Firizky Ardiansyah/AppData/Local/Programs/Python/Python38/, mtime 1634452131): 20 files, no impossibilities.
# C:\Program Files (x86)\mingw-w64\i686-8.1.0-posix-dwarf-rt_v6-rev0\mingw32\bin: could not be stat'd.
# C:\Users\Firizky Ardiansyah\AppData\Local\Microsoft\WindowsApps (key C:/Users/Firizky Ardiansyah/AppData/Local/Microsoft/WindowsApps, mtime 1652800315): 15 files, no impossibilities.
# C:\Users\Firizky Ardiansyah\AppData\Local\Programs\Python\Python38\Scripts\ (key C:/Users/Firizky Ardiansyah/AppData/Local/Programs/Python/Python38/Scripts/, mtime 1649917887): 72 files, no impossibilities.
# C:\Program Files\JetBrains\DataGrip 2022.1.1\bin: could not be stat'd.
# C:\Users\Firizky Ardiansyah\go\bin (key C:/Users/Firizky Ardiansyah/go/bin, mtime 1650917032): 11 files, no impossibilities.
# C:\Program Files (x86)\dotnet\ (key C:/Program Files (x86)/dotnet/, mtime 1652335433): 8 files, no impossibilities.
# C:\msys64\mingw64\bin (key C:/msys64/mingw64/bin, mtime 1651845072): 574 files, no impossibilities.
# C:\Program Files\Git\cmd (key C:/Program Files/Git/cmd, mtime 1627745734): 8 files, no impossibilities.
# C:\Program Files\swipl\bin (key C:/Program Files/swipl/bin, mtime 1636086319): 67 files, no impossibilities.
# C:\Program Files\JetBrains\GoLand 2022.1\bin (key C:/Program Files/JetBrains/GoLand 2022.1/bin, mtime 1650912262): 28 files, no impossibilities.
# C:\Program Files (x86)\GnuWin32\bin (key C:/Program Files (x86)/GnuWin32/bin, mtime 1635675801): 5 files, no impossibilities.

# 2391 files, no impossibilities in 35 directories.

# Implicit Rules

# No implicit rules.

# Files

all: prebuild run
#  Command-line target.
#  Implicit rule search has been done.
#  File does not exist.
#  File has been updated.
#  Needs to be updated (-q is set).
# variable set hash-table stats:
# Load=0/32=0%, Rehash=0, Collisions=0/2=0%

# Not a target:
.DEFAULT:
#  Implicit rule search has not been done.
#  Modification time never checked.
#  File has not been updated.

# Not a target:
makefile:
#  Implicit rule search has been done.
#  Last modified 2022-05-08 16:21:01
#  File has been updated.
#  Successfully updated.
# variable set hash-table stats:
# Load=0/32=0%, Rehash=0, Collisions=0/0=0%

# Not a target:
.SUFFIXES:
#  Implicit rule search has not been done.
#  Modification time never checked.
#  File has not been updated.

run:
#  Implicit rule search has not been done.
#  Modification time never checked.
#  File has not been updated.
#  commands to execute (from `makefile', line 8):
	@python src/main.py
	

prebuild:
#  Implicit rule search has not been done.
#  Implicit/static pattern stem: `'
#  File does not exist.
#  File has been updated.
#  Needs to be updated (-q is set).
# automatic
# @ := prebuild
# automatic
# % := 
# automatic
# * := 
# automatic
# + := 
# automatic
# | := 
# automatic
# < := 
# automatic
# ^ := 
# automatic
# ? := 
# variable set hash-table stats:
# Load=8/32=25%, Rehash=0, Collisions=1/10=10%
#  commands to execute (from `makefile', line 5):
	@pip install -r requirements.txt
	

# files hash-table stats:
# Load=6/1024=1%, Rehash=0, Collisions=0/21=0%
# VPATH Search Paths

# No `vpath' search paths.

# No general (`VPATH' variable) search path.

# # of strings in strcache: 1
# # of strcache buffers: 1
# strcache size: total = 4096 / max = 4096 / min = 4096 / avg = 4096
# strcache free: total = 4087 / max = 4087 / min = 4087 / avg = 4087

# Finished Make data base on Fri May 20 12:41:39 2022

 
